#
# There is insufficient memory for the Java Runtime Environment to continue.
# Native memory allocation (mmap) failed to map 32505856 bytes for Failed to commit area from 0x00000000c4400000 to 0x00000000c6300000 of length 32505856.
# Possible reasons:
#   The system is out of physical RAM or swap space
#   The process is running with CompressedOops enabled, and the Java Heap may be blocking the growth of the native heap
# Possible solutions:
#   Reduce memory load on the system
#   Increase physical memory or swap space
#   Check if swap backing store is full
#   Decrease Java heap size (-Xmx/-Xms)
#   Decrease number of Java threads
#   Decrease Java thread stack sizes (-Xss)
#   Set larger code cache with -XX:ReservedCodeCacheSize=
#   JVM is running with Unscaled Compressed Oops mode in which the Java heap is
#     placed in the first 4GB address space. The Java Heap base address is the
#     maximum limit for the native heap growth. Please use -XX:HeapBaseMinAddress
#     to set the Java Heap base and to place the Java Heap above 4GB virtual address.
# This output file may be truncated or incomplete.
#
#  Out of Memory Error (./src/hotspot/os/windows/os_windows.cpp:3619), pid=12200, tid=9628
#
# JRE version: OpenJDK Runtime Environment (11.0.13) (build 11.0.13+0-b1751.21-8125866)
# Java VM: OpenJDK 64-Bit Server VM (11.0.13+0-b1751.21-8125866, mixed mode, tiered, compressed oops, g1 gc, windows-amd64)
# No core dump will be written. Minidumps are not enabled by default on client versions of Windows
#

---------------  S U M M A R Y ------------

Command Line: --add-opens=java.base/java.util=ALL-UNNAMED --add-opens=java.base/java.lang=ALL-UNNAMED --add-opens=java.base/java.lang.invoke=ALL-UNNAMED --add-opens=java.base/java.util=ALL-UNNAMED --add-opens=java.prefs/java.util.prefs=ALL-UNNAMED --add-opens=java.prefs/java.util.prefs=ALL-UNNAMED --add-opens=java.base/java.nio.charset=ALL-UNNAMED --add-opens=java.base/java.net=ALL-UNNAMED --add-opens=java.base/java.util.concurrent.atomic=ALL-UNNAMED -Xmx1024m -Dfile.encoding=UTF-8 -Duser.country=ID -Duser.language=en -Duser.variant org.gradle.launcher.daemon.bootstrap.GradleDaemon 7.4

Host: Intel(R) Core(TM) i5-8250U CPU @ 1.60GHz, 8 cores, 3G,  Windows 11 , 64 bit Build 22000 (10.0.22000.708)
Time: Mon Oct 24 18:02:25 2022 Malay Peninsula Standard Time elapsed time: 300.504520 seconds (0d 0h 5m 0s)

---------------  T H R E A D  ---------------

Current thread (0x00000204e9be2800):  VMThread "VM Thread" [stack: 0x0000005169a00000,0x0000005169b00000] [id=9628]

Stack: [0x0000005169a00000,0x0000005169b00000]
[error occurred during error reporting (printing stack bounds), id 0xc0000005, EXCEPTION_ACCESS_VIOLATION (0xc0000005) at pc=0x00000204d58c112d]

Native frames: (J=compiled Java code, j=interpreted, Vv=VM code, C=native code)
V  [jvm.dll+0x6100fa]
V  [jvm.dll+0x747090]
V  [jvm.dll+0x7486ad]
V  [jvm.dll+0x748ce5]
V  [jvm.dll+0x748c9b]
V  [jvm.dll+0x60f224]
V  [jvm.dll+0x60f9b8]
C  [ntdll.dll+0xa8b1f]
C  [ntdll.dll+0x35b9a]
C  [ntdll.dll+0xa7b2e]
C  0x00000204d58c112d

VM_Operation (0x000000516acf1a20): G1CollectForAllocation, mode: safepoint, requested by thread 0x00000204ea916000


---------------  P R O C E S S  ---------------

Threads class SMR info:
_java_thread_list=0x00000204ecef8e70, length=121, elements={
0x00000204d1da0800, 0x00000204e9be4800, 0x00000204e9bf1000, 0x00000204e9c06800,
0x00000204e9c07800, 0x00000204e9c08800, 0x00000204e9c4e800, 0x00000204e9c5a800,
0x00000204e9c66800, 0x00000204ea6c2000, 0x00000204ebfd8000, 0x00000204eb073000,
0x00000204eb957000, 0x00000204ec9d4800, 0x00000204eadbf800, 0x00000204ea78a800,
0x00000204ea916000, 0x00000204ea919800, 0x00000204ea91b000, 0x00000204ea915800,
0x00000204ea917000, 0x00000204ea91a800, 0x00000204ea91c000, 0x00000204ea918800,
0x00000204ecabe800, 0x00000204ecac1000, 0x00000204ecabb800, 0x00000204ecabf800,
0x00000204ecabc000, 0x00000204ecac0000, 0x00000204ecac2000, 0x00000204ecac2800,
0x00000204ecac3800, 0x00000204ecabd800, 0x00000204ecac9000, 0x00000204ecac6000,
0x00000204ecac5000, 0x00000204ecac6800, 0x00000204ecac7800, 0x00000204ecaca000,
0x00000204ecac8800, 0x00000204ecac4000, 0x00000204ed364000, 0x00000204ed362000,
0x00000204ed367000, 0x00000204ed363000, 0x00000204ed368800, 0x00000204ed36a800,
0x00000204ed368000, 0x00000204ed364800, 0x00000204ed369800, 0x00000204ed36b000,
0x00000204ed365800, 0x00000204ed36c000, 0x00000204ed366000, 0x00000204ed36d000,
0x00000204ed36e800, 0x00000204ed36d800, 0x00000204ed371000, 0x00000204ed36f000,
0x00000204ed370000, 0x00000204ed426800, 0x00000204ed423000, 0x00000204ed427000,
0x00000204ed428000, 0x00000204ed425000, 0x00000204ed425800, 0x00000204ed429000,
0x00000204ed429800, 0x00000204ed424000, 0x00000204ed430000, 0x00000204ed42e800,
0x00000204ed42a800, 0x00000204ed42c000, 0x00000204ed42f800, 0x00000204ed42d000,
0x00000204ed431000, 0x00000204ed42b800, 0x00000204ed432000, 0x00000204ed42e000,
0x00000204ecd54800, 0x00000204ecd56000, 0x00000204ecd53000, 0x00000204ecd52000,
0x00000204ecd57800, 0x00000204ecd57000, 0x00000204ecd58800, 0x00000204ecd59800,
0x00000204ecd55800, 0x00000204ecd53800, 0x00000204ecd5f000, 0x00000204ecd5e000,
0x00000204ecd5d800, 0x00000204ecd5c000, 0x00000204ecd5c800, 0x00000204ecd60000,
0x00000204ecd5a000, 0x00000204ecd60800, 0x00000204ecd5b000, 0x00000204ee606800,
0x00000204ee603800, 0x00000204ee606000, 0x00000204ee604800, 0x00000204ee605000,
0x00000204ee608800, 0x00000204ee607800, 0x00000204ee602800, 0x00000204ee60c800,
0x00000204ee60b000, 0x00000204ee60f000, 0x00000204ee609000, 0x00000204ee60d800,
0x00000204ee60f800, 0x00000204ee60b800, 0x00000204ee60a000, 0x00000204ee610800,
0x00000204ee60e000, 0x00000204ee611800, 0x00000204ee5d3800, 0x00000204ee5d5800,
0x00000204ee5d4800
}

Java Threads: ( => current thread )
  0x00000204d1da0800 JavaThread "main" [_thread_blocked, id=16060, stack(0x0000005169400000,0x0000005169500000)]
  0x00000204e9be4800 JavaThread "Reference Handler" daemon [_thread_blocked, id=4028, stack(0x0000005169b00000,0x0000005169c00000)]
  0x00000204e9bf1000 JavaThread "Finalizer" daemon [_thread_blocked, id=11872, stack(0x0000005169c00000,0x0000005169d00000)]
  0x00000204e9c06800 JavaThread "Signal Dispatcher" daemon [_thread_blocked, id=16264, stack(0x0000005169d00000,0x0000005169e00000)]
  0x00000204e9c07800 JavaThread "Attach Listener" daemon [_thread_blocked, id=14660, stack(0x0000005169e00000,0x0000005169f00000)]
  0x00000204e9c08800 JavaThread "Service Thread" daemon [_thread_blocked, id=9052, stack(0x0000005169f00000,0x000000516a000000)]
  0x00000204e9c4e800 JavaThread "C2 CompilerThread0" daemon [_thread_blocked, id=6548, stack(0x000000516a000000,0x000000516a100000)]
  0x00000204e9c5a800 JavaThread "C1 CompilerThread0" daemon [_thread_blocked, id=10292, stack(0x000000516a100000,0x000000516a200000)]
  0x00000204e9c66800 JavaThread "Sweeper thread" daemon [_thread_blocked, id=9352, stack(0x000000516a200000,0x000000516a300000)]
  0x00000204ea6c2000 JavaThread "Common-Cleaner" daemon [_thread_blocked, id=14388, stack(0x000000516a300000,0x000000516a400000)]
  0x00000204ebfd8000 JavaThread "Daemon health stats" [_thread_blocked, id=4876, stack(0x000000516a600000,0x000000516a700000)]
  0x00000204eb073000 JavaThread "Incoming local TCP Connector on port 50342" [_thread_in_native, id=5784, stack(0x000000516a700000,0x000000516a800000)]
  0x00000204eb957000 JavaThread "Daemon periodic checks" [_thread_blocked, id=15420, stack(0x000000516a800000,0x000000516a900000)]
  0x00000204ec9d4800 JavaThread "Daemon" [_thread_blocked, id=8120, stack(0x000000516a900000,0x000000516aa00000)]
  0x00000204eadbf800 JavaThread "Handler for socket connection from /127.0.0.1:50342 to /127.0.0.1:50343" [_thread_in_native, id=9676, stack(0x000000516aa00000,0x000000516ab00000)]
  0x00000204ea78a800 JavaThread "Cancel handler" [_thread_blocked, id=8580, stack(0x000000516ab00000,0x000000516ac00000)]
  0x00000204ea916000 JavaThread "Daemon worker" [_thread_blocked, id=5396, stack(0x000000516ac00000,0x000000516ad00000)]
  0x00000204ea919800 JavaThread "Asynchronous log dispatcher for DefaultDaemonConnection: socket connection from /127.0.0.1:50342 to /127.0.0.1:50343" [_thread_blocked, id=15808, stack(0x000000516ad00000,0x000000516ae00000)]
  0x00000204ea91b000 JavaThread "Daemon client event forwarder" [_thread_blocked, id=10896, stack(0x000000516af00000,0x000000516b000000)]
  0x00000204ea915800 JavaThread "Cache worker for journal cache (C:\Users\user\.gradle\caches\journal-1)" [_thread_blocked, id=9264, stack(0x0000005169100000,0x0000005169200000)]
  0x00000204ea917000 JavaThread "File lock request listener" [_thread_in_native, id=9356, stack(0x0000005169200000,0x0000005169300000)]
  0x00000204ea91a800 JavaThread "Cache worker for file hash cache (C:\Users\user\.gradle\caches\7.4\fileHashes)" [_thread_blocked, id=11280, stack(0x000000516b600000,0x000000516b700000)]
  0x00000204ea91c000 JavaThread "File watcher server" daemon [_thread_in_native, id=14596, stack(0x000000516b800000,0x000000516b900000)]
  0x00000204ea918800 JavaThread "File watcher consumer" daemon [_thread_blocked, id=16176, stack(0x000000516b900000,0x000000516ba00000)]
  0x00000204ecabe800 JavaThread "Cache worker for checksums cache (F:\sophie folder\android studio\Mypractice\.gradle\7.4\checksums)" [_thread_blocked, id=10264, stack(0x000000516ba00000,0x000000516bb00000)]
  0x00000204ecac1000 JavaThread "Cache worker for cache directory md-rule (C:\Users\user\.gradle\caches\7.4\md-rule)" [_thread_blocked, id=16248, stack(0x000000516bb00000,0x000000516bc00000)]
  0x00000204ecabb800 JavaThread "Cache worker for file hash cache (F:\sophie folder\android studio\Mypractice\.gradle\7.4\fileHashes)" [_thread_blocked, id=14808, stack(0x000000516bc00000,0x000000516bd00000)]
  0x00000204ecabf800 JavaThread "Cache worker for cache directory md-supplier (C:\Users\user\.gradle\caches\7.4\md-supplier)" [_thread_blocked, id=4972, stack(0x000000516bd00000,0x000000516be00000)]
  0x00000204ecabc000 JavaThread "Cache worker for execution history cache (C:\Users\user\.gradle\caches\7.4\executionHistory)" [_thread_blocked, id=2684, stack(0x000000516be00000,0x000000516bf00000)]
  0x00000204ecac0000 JavaThread "jar transforms" [_thread_blocked, id=8620, stack(0x000000516c100000,0x000000516c200000)]
  0x00000204ecac2000 JavaThread "Cache worker for file content cache (C:\Users\user\.gradle\caches\7.4\fileContent)" [_thread_blocked, id=15504, stack(0x000000516c200000,0x000000516c300000)]
  0x00000204ecac2800 JavaThread "jar transforms Thread 2" [_thread_blocked, id=9156, stack(0x0000005169300000,0x0000005169400000)]
  0x00000204ecac3800 JavaThread "Cache worker for dependencies-accessors (F:\sophie folder\android studio\Mypractice\.gradle\7.4\dependencies-accessors)" [_thread_blocked, id=16152, stack(0x000000516c300000,0x000000516c400000)]
  0x00000204ecabd800 JavaThread "jar transforms Thread 3" [_thread_blocked, id=4420, stack(0x000000516c400000,0x000000516c500000)]
  0x00000204ecac9000 JavaThread "Cache worker for Build Output Cleanup Cache (F:\sophie folder\android studio\Mypractice\.gradle\buildOutputCleanup)" [_thread_blocked, id=14320, stack(0x000000516c500000,0x000000516c600000)]
  0x00000204ecac6000 JavaThread "Unconstrained build operations" [_thread_blocked, id=15032, stack(0x000000516c600000,0x000000516c700000)]
  0x00000204ecac5000 JavaThread "Unconstrained build operations Thread 2" [_thread_blocked, id=14276, stack(0x000000516c700000,0x000000516c800000)]
  0x00000204ecac6800 JavaThread "Unconstrained build operations Thread 3" [_thread_blocked, id=16024, stack(0x000000516c800000,0x000000516c900000)]
  0x00000204ecac7800 JavaThread "Unconstrained build operations Thread 4" [_thread_blocked, id=16348, stack(0x000000516c900000,0x000000516ca00000)]
  0x00000204ecaca000 JavaThread "Unconstrained build operations Thread 5" [_thread_blocked, id=15692, stack(0x000000516ca00000,0x000000516cb00000)]
  0x00000204ecac8800 JavaThread "Unconstrained build operations Thread 6" [_thread_blocked, id=16356, stack(0x000000516cb00000,0x000000516cc00000)]
  0x00000204ecac4000 JavaThread "Unconstrained build operations Thread 7" [_thread_blocked, id=15492, stack(0x000000516cc00000,0x000000516cd00000)]
  0x00000204ed364000 JavaThread "Unconstrained build operations Thread 8" [_thread_blocked, id=15560, stack(0x000000516cd00000,0x000000516ce00000)]
  0x00000204ed362000 JavaThread "Unconstrained build operations Thread 9" [_thread_blocked, id=10900, stack(0x000000516ce00000,0x000000516cf00000)]
  0x00000204ed367000 JavaThread "Unconstrained build operations Thread 10" [_thread_blocked, id=15028, stack(0x000000516cf00000,0x000000516d000000)]
  0x00000204ed363000 JavaThread "Unconstrained build operations Thread 11" [_thread_blocked, id=3336, stack(0x000000516d000000,0x000000516d100000)]
  0x00000204ed368800 JavaThread "Unconstrained build operations Thread 12" [_thread_blocked, id=776, stack(0x000000516d100000,0x000000516d200000)]
  0x00000204ed36a800 JavaThread "Unconstrained build operations Thread 13" [_thread_blocked, id=8160, stack(0x000000516d200000,0x000000516d300000)]
  0x00000204ed368000 JavaThread "Unconstrained build operations Thread 14" [_thread_blocked, id=4968, stack(0x000000516d300000,0x000000516d400000)]
  0x00000204ed364800 JavaThread "Unconstrained build operations Thread 15" [_thread_blocked, id=15188, stack(0x000000516d400000,0x000000516d500000)]
  0x00000204ed369800 JavaThread "Unconstrained build operations Thread 16" [_thread_blocked, id=4120, stack(0x000000516d500000,0x000000516d600000)]
  0x00000204ed36b000 JavaThread "Unconstrained build operations Thread 17" [_thread_blocked, id=14884, stack(0x000000516d600000,0x000000516d700000)]
  0x00000204ed365800 JavaThread "Unconstrained build operations Thread 18" [_thread_blocked, id=3752, stack(0x000000516d700000,0x000000516d800000)]
  0x00000204ed36c000 JavaThread "Unconstrained build operations Thread 19" [_thread_blocked, id=7632, stack(0x000000516d800000,0x000000516d900000)]
  0x00000204ed366000 JavaThread "Unconstrained build operations Thread 20" [_thread_blocked, id=6464, stack(0x000000516d900000,0x000000516da00000)]
  0x00000204ed36d000 JavaThread "Unconstrained build operations Thread 21" [_thread_blocked, id=11900, stack(0x000000516da00000,0x000000516db00000)]
  0x00000204ed36e800 JavaThread "Unconstrained build operations Thread 22" [_thread_blocked, id=11920, stack(0x000000516db00000,0x000000516dc00000)]
  0x00000204ed36d800 JavaThread "Unconstrained build operations Thread 23" [_thread_blocked, id=9056, stack(0x000000516dc00000,0x000000516dd00000)]
  0x00000204ed371000 JavaThread "Unconstrained build operations Thread 24" [_thread_blocked, id=4928, stack(0x000000516dd00000,0x000000516de00000)]
  0x00000204ed36f000 JavaThread "Unconstrained build operations Thread 25" [_thread_blocked, id=10388, stack(0x000000516de00000,0x000000516df00000)]
  0x00000204ed370000 JavaThread "Unconstrained build operations Thread 26" [_thread_blocked, id=15540, stack(0x000000516df00000,0x000000516e000000)]
  0x00000204ed426800 JavaThread "Unconstrained build operations Thread 27" [_thread_blocked, id=14600, stack(0x000000516e000000,0x000000516e100000)]
  0x00000204ed423000 JavaThread "Unconstrained build operations Thread 28" [_thread_blocked, id=2816, stack(0x000000516e100000,0x000000516e200000)]
  0x00000204ed427000 JavaThread "Unconstrained build operations Thread 29" [_thread_blocked, id=15864, stack(0x000000516e200000,0x000000516e300000)]
  0x00000204ed428000 JavaThread "Unconstrained build operations Thread 30" [_thread_blocked, id=10848, stack(0x000000516e300000,0x000000516e400000)]
  0x00000204ed425000 JavaThread "Unconstrained build operations Thread 31" [_thread_blocked, id=6340, stack(0x000000516e400000,0x000000516e500000)]
  0x00000204ed425800 JavaThread "Unconstrained build operations Thread 32" [_thread_blocked, id=15216, stack(0x000000516e500000,0x000000516e600000)]
  0x00000204ed429000 JavaThread "Unconstrained build operations Thread 33" [_thread_blocked, id=1880, stack(0x000000516e600000,0x000000516e700000)]
  0x00000204ed429800 JavaThread "Unconstrained build operations Thread 34" [_thread_blocked, id=15632, stack(0x000000516e700000,0x000000516e800000)]
  0x00000204ed424000 JavaThread "Unconstrained build operations Thread 35" [_thread_blocked, id=11172, stack(0x000000516e800000,0x000000516e900000)]
  0x00000204ed430000 JavaThread "Unconstrained build operations Thread 36" [_thread_blocked, id=11744, stack(0x000000516e900000,0x000000516ea00000)]
  0x00000204ed42e800 JavaThread "Unconstrained build operations Thread 37" [_thread_blocked, id=3004, stack(0x000000516ea00000,0x000000516eb00000)]
  0x00000204ed42a800 JavaThread "Unconstrained build operations Thread 38" [_thread_blocked, id=15532, stack(0x000000516eb00000,0x000000516ec00000)]
  0x00000204ed42c000 JavaThread "Unconstrained build operations Thread 39" [_thread_blocked, id=840, stack(0x000000516ec00000,0x000000516ed00000)]
  0x00000204ed42f800 JavaThread "Unconstrained build operations Thread 40" [_thread_blocked, id=11880, stack(0x000000516ed00000,0x000000516ee00000)]
  0x00000204ed42d000 JavaThread "Unconstrained build operations Thread 41" [_thread_blocked, id=6204, stack(0x000000516ee00000,0x000000516ef00000)]
  0x00000204ed431000 JavaThread "Unconstrained build operations Thread 42" [_thread_blocked, id=7744, stack(0x000000516ef00000,0x000000516f000000)]
  0x00000204ed42b800 JavaThread "Unconstrained build operations Thread 43" [_thread_blocked, id=10796, stack(0x000000516f000000,0x000000516f100000)]
  0x00000204ed432000 JavaThread "Unconstrained build operations Thread 44" [_thread_blocked, id=14900, stack(0x000000516f100000,0x000000516f200000)]
  0x00000204ed42e000 JavaThread "Unconstrained build operations Thread 45" [_thread_blocked, id=3272, stack(0x000000516f200000,0x000000516f300000)]
  0x00000204ecd54800 JavaThread "Unconstrained build operations Thread 46" [_thread_blocked, id=15472, stack(0x000000516f300000,0x000000516f400000)]
  0x00000204ecd56000 JavaThread "Unconstrained build operations Thread 47" [_thread_blocked, id=11936, stack(0x000000516f400000,0x000000516f500000)]
  0x00000204ecd53000 JavaThread "Unconstrained build operations Thread 48" [_thread_blocked, id=3044, stack(0x000000516f500000,0x000000516f600000)]
  0x00000204ecd52000 JavaThread "Unconstrained build operations Thread 49" [_thread_blocked, id=3360, stack(0x000000516f600000,0x000000516f700000)]
  0x00000204ecd57800 JavaThread "Unconstrained build operations Thread 50" [_thread_blocked, id=7428, stack(0x000000516f700000,0x000000516f800000)]
  0x00000204ecd57000 JavaThread "Unconstrained build operations Thread 51" [_thread_blocked, id=15888, stack(0x000000516f800000,0x000000516f900000)]
  0x00000204ecd58800 JavaThread "Unconstrained build operations Thread 52" [_thread_blocked, id=12060, stack(0x000000516f900000,0x000000516fa00000)]
  0x00000204ecd59800 JavaThread "Unconstrained build operations Thread 53" [_thread_blocked, id=16000, stack(0x000000516fa00000,0x000000516fb00000)]
  0x00000204ecd55800 JavaThread "Unconstrained build operations Thread 54" [_thread_blocked, id=11636, stack(0x000000516fb00000,0x000000516fc00000)]
  0x00000204ecd53800 JavaThread "Unconstrained build operations Thread 55" [_thread_blocked, id=10504, stack(0x000000516fc00000,0x000000516fd00000)]
  0x00000204ecd5f000 JavaThread "Unconstrained build operations Thread 56" [_thread_blocked, id=15548, stack(0x000000516fd00000,0x000000516fe00000)]
  0x00000204ecd5e000 JavaThread "Unconstrained build operations Thread 57" [_thread_blocked, id=5008, stack(0x000000516fe00000,0x000000516ff00000)]
  0x00000204ecd5d800 JavaThread "Unconstrained build operations Thread 58" [_thread_blocked, id=15220, stack(0x000000516ff00000,0x0000005170000000)]
  0x00000204ecd5c000 JavaThread "Unconstrained build operations Thread 59" [_thread_blocked, id=14580, stack(0x0000005170000000,0x0000005170100000)]
  0x00000204ecd5c800 JavaThread "Unconstrained build operations Thread 60" [_thread_blocked, id=16048, stack(0x0000005170100000,0x0000005170200000)]
  0x00000204ecd60000 JavaThread "Unconstrained build operations Thread 61" [_thread_blocked, id=16304, stack(0x0000005170200000,0x0000005170300000)]
  0x00000204ecd5a000 JavaThread "Unconstrained build operations Thread 62" [_thread_blocked, id=16228, stack(0x0000005170300000,0x0000005170400000)]
  0x00000204ecd60800 JavaThread "Unconstrained build operations Thread 63" [_thread_blocked, id=14984, stack(0x0000005170400000,0x0000005170500000)]
  0x00000204ecd5b000 JavaThread "Unconstrained build operations Thread 64" [_thread_blocked, id=16052, stack(0x0000005170500000,0x0000005170600000)]
  0x00000204ee606800 JavaThread "Unconstrained build operations Thread 65" [_thread_blocked, id=16032, stack(0x0000005170600000,0x0000005170700000)]
  0x00000204ee603800 JavaThread "Unconstrained build operations Thread 66" [_thread_blocked, id=564, stack(0x0000005170700000,0x0000005170800000)]
  0x00000204ee606000 JavaThread "Unconstrained build operations Thread 67" [_thread_blocked, id=16236, stack(0x0000005170800000,0x0000005170900000)]
  0x00000204ee604800 JavaThread "Unconstrained build operations Thread 68" [_thread_blocked, id=3504, stack(0x0000005170900000,0x0000005170a00000)]
  0x00000204ee605000 JavaThread "Unconstrained build operations Thread 69" [_thread_blocked, id=4084, stack(0x0000005170a00000,0x0000005170b00000)]
  0x00000204ee608800 JavaThread "Unconstrained build operations Thread 70" [_thread_blocked, id=10252, stack(0x0000005170b00000,0x0000005170c00000)]
  0x00000204ee607800 JavaThread "Unconstrained build operations Thread 71" [_thread_blocked, id=14552, stack(0x0000005170c00000,0x0000005170d00000)]
  0x00000204ee602800 JavaThread "Unconstrained build operations Thread 72" [_thread_blocked, id=9984, stack(0x0000005170d00000,0x0000005170e00000)]
  0x00000204ee60c800 JavaThread "Unconstrained build operations Thread 73" [_thread_blocked, id=12048, stack(0x0000005170e00000,0x0000005170f00000)]
  0x00000204ee60b000 JavaThread "Unconstrained build operations Thread 74" [_thread_blocked, id=14324, stack(0x0000005170f00000,0x0000005171000000)]
  0x00000204ee60f000 JavaThread "Unconstrained build operations Thread 75" [_thread_blocked, id=4448, stack(0x0000005171000000,0x0000005171100000)]
  0x00000204ee609000 JavaThread "Unconstrained build operations Thread 76" [_thread_blocked, id=12112, stack(0x0000005171100000,0x0000005171200000)]
  0x00000204ee60d800 JavaThread "Unconstrained build operations Thread 77" [_thread_blocked, id=10176, stack(0x0000005171200000,0x0000005171300000)]
  0x00000204ee60f800 JavaThread "Unconstrained build operations Thread 78" [_thread_blocked, id=15156, stack(0x0000005171300000,0x0000005171400000)]
  0x00000204ee60b800 JavaThread "Unconstrained build operations Thread 79" [_thread_blocked, id=14632, stack(0x0000005171400000,0x0000005171500000)]
  0x00000204ee60a000 JavaThread "Unconstrained build operations Thread 80" [_thread_blocked, id=14768, stack(0x0000005171500000,0x0000005171600000)]
  0x00000204ee610800 JavaThread "jar transforms Thread 4" [_thread_blocked, id=15140, stack(0x0000005171600000,0x0000005171700000)]
  0x00000204ee60e000 JavaThread "jar transforms Thread 5" [_thread_blocked, id=14464, stack(0x0000005171700000,0x0000005171800000)]
  0x00000204ee611800 JavaThread "jar transforms Thread 6" [_thread_blocked, id=14912, stack(0x0000005171800000,0x0000005171900000)]
  0x00000204ee5d3800 JavaThread "jar transforms Thread 7" [_thread_blocked, id=15336, stack(0x0000005171900000,0x0000005171a00000)]
  0x00000204ee5d5800 JavaThread "jar transforms Thread 8" [_thread_blocked, id=14956, stack(0x0000005171a00000,0x0000005171b00000)]
  0x00000204ee5d4800 JavaThread "Memory manager" [_thread_blocked, id=9372, stack(0x000000516ae00000,0x000000516af00000)]

Other Threads:
=>0x00000204e9be2800 VMThread "VM Thread" [stack: 0x0000005169a00000,0x0000005169b00000] [id=9628]
  0x00000204ea6e3000 WatcherThread [stack: 0x000000516a400000,0x000000516a500000] [id=16312]
  0x00000204d1db9000 GCTaskThread "GC Thread#0" [stack: 0x0000005169500000,0x0000005169600000] [id=11724]
  0x00000204eb17c800 GCTaskThread "GC Thread#1" [stack: 0x000000516a500000,0x000000516a600000] [id=15844]
  0x00000204eb303800 GCTaskThread "GC Thread#2" [stack: 0x000000516b000000,0x000000516b100000] [id=11228]
  0x00000204eadfe000 GCTaskThread "GC Thread#3" [stack: 0x000000516b100000,0x000000516b200000] [id=9848]
  0x00000204eb69a800 GCTaskThread "GC Thread#4" [stack: 0x000000516b200000,0x000000516b300000] [id=9996]
  0x00000204eb5c3000 GCTaskThread "GC Thread#5" [stack: 0x000000516b300000,0x000000516b400000] [id=9880]
  0x00000204ea80e800 GCTaskThread "GC Thread#6" [stack: 0x000000516b400000,0x000000516b500000] [id=9708]
  0x00000204eb7a0000 GCTaskThread "GC Thread#7" [stack: 0x000000516b500000,0x000000516b600000] [id=9704]
  0x00000204d1dd4000 ConcurrentGCThread "G1 Main Marker" [stack: 0x0000005169600000,0x0000005169700000] [id=5444]
  0x00000204d1dd6800 ConcurrentGCThread "G1 Conc#0" [stack: 0x0000005169700000,0x0000005169800000] [id=10712]
  0x00000204ec7cc800 ConcurrentGCThread "G1 Conc#1" [stack: 0x000000516b700000,0x000000516b800000] [id=3896]
  0x00000204d1e44000 ConcurrentGCThread "G1 Refine#0" [stack: 0x0000005169800000,0x0000005169900000] [id=11996]
  0x00000204d1e48000 ConcurrentGCThread "G1 Young RemSet Sampling" [stack: 0x0000005169900000,0x0000005169a00000] [id=14616]

Threads with active compile tasks:
C2 CompilerThread0 304388 7146       4       java.beans.Introspector::addMethod (196 bytes)

VM state:at safepoint (normal execution)

VM Mutex/Monitor currently owned by a thread:  ([mutex/lock_event])
[0x00000204d1d9b000] Threads_lock - owner thread: 0x00000204e9be2800
[0x00000204d1d9b240] Heap_lock - owner thread: 0x00000204ea916000

Heap address: 0x00000000c0000000, size: 1024 MB, Compressed Oops mode: 32-bit
Narrow klass base: 0x0000000000000000, Narrow klass shift: 3
Compressed class space size: 1073741824 Address: 0x0000000100000000

Heap:
 garbage-first heap   total 101376K, used 64390K [0x00000000c0000000, 0x0000000100000000)
  region size 1024K, 1 young (1024K), 1 survivors (1024K)
 Metaspace       used 69299K, capacity 70868K, committed 70992K, reserved 1112064K
  class space    used 8679K, capacity 9287K, committed 9376K, reserved 1048576K
Heap Regions: E=young(eden), S=young(survivor), O=old, HS=humongous(starts), HC=humongous(continues), CS=collection set, F=free, A=archive, TAMS=top-at-mark-start (previous, next)
|   0|0x00000000c0000000, 0x00000000c0100000, 0x00000000c0100000|100%| O|  |TAMS 0x00000000c0100000, 0x00000000c0100000| Untracked 
|   1|0x00000000c0100000, 0x00000000c0200000, 0x00000000c0200000|100%| O|  |TAMS 0x00000000c0200000, 0x00000000c0200000| Untracked 
|   2|0x00000000c0200000, 0x00000000c0300000, 0x00000000c0300000|100%| O|  |TAMS 0x00000000c0300000, 0x00000000c0300000| Untracked 
|   3|0x00000000c0300000, 0x00000000c0400000, 0x00000000c0400000|100%|HS|  |TAMS 0x00000000c0400000, 0x00000000c0400000| Complete 
|   4|0x00000000c0400000, 0x00000000c0500000, 0x00000000c0500000|100%|HC|  |TAMS 0x00000000c0500000, 0x00000000c0500000| Complete 
|   5|0x00000000c0500000, 0x00000000c0600000, 0x00000000c0600000|100%|HC|  |TAMS 0x00000000c0600000, 0x00000000c0600000| Complete 
|   6|0x00000000c0600000, 0x00000000c0700000, 0x00000000c0700000|100%| O|  |TAMS 0x00000000c0700000, 0x00000000c0700000| Untracked 
|   7|0x00000000c0700000, 0x00000000c0800000, 0x00000000c0800000|100%| O|  |TAMS 0x00000000c0800000, 0x00000000c0800000| Untracked 
|   8|0x00000000c0800000, 0x00000000c0900000, 0x00000000c0900000|100%| O|  |TAMS 0x00000000c0900000, 0x00000000c0900000| Untracked 
|   9|0x00000000c0900000, 0x00000000c0a00000, 0x00000000c0a00000|100%| O|  |TAMS 0x00000000c0a00000, 0x00000000c0a00000| Untracked 
|  10|0x00000000c0a00000, 0x00000000c0b00000, 0x00000000c0b00000|100%| O|  |TAMS 0x00000000c0b00000, 0x00000000c0b00000| Untracked 
|  11|0x00000000c0b00000, 0x00000000c0c00000, 0x00000000c0c00000|100%| O|  |TAMS 0x00000000c0c00000, 0x00000000c0c00000| Untracked 
|  12|0x00000000c0c00000, 0x00000000c0d00000, 0x00000000c0d00000|100%| O|  |TAMS 0x00000000c0d00000, 0x00000000c0d00000| Untracked 
|  13|0x00000000c0d00000, 0x00000000c0e00000, 0x00000000c0e00000|100%| O|  |TAMS 0x00000000c0e00000, 0x00000000c0e00000| Untracked 
|  14|0x00000000c0e00000, 0x00000000c0f00000, 0x00000000c0f00000|100%| O|  |TAMS 0x00000000c0f00000, 0x00000000c0f00000| Untracked 
|  15|0x00000000c0f00000, 0x00000000c1000000, 0x00000000c1000000|100%| O|  |TAMS 0x00000000c1000000, 0x00000000c1000000| Untracked 
|  16|0x00000000c1000000, 0x00000000c1100000, 0x00000000c1100000|100%| O|  |TAMS 0x00000000c1100000, 0x00000000c1100000| Untracked 
|  17|0x00000000c1100000, 0x00000000c1200000, 0x00000000c1200000|100%| O|  |TAMS 0x00000000c1200000, 0x00000000c1200000| Untracked 
|  18|0x00000000c1200000, 0x00000000c1300000, 0x00000000c1300000|100%| O|  |TAMS 0x00000000c1300000, 0x00000000c1300000| Untracked 
|  19|0x00000000c1300000, 0x00000000c1400000, 0x00000000c1400000|100%| O|  |TAMS 0x00000000c1400000, 0x00000000c1400000| Untracked 
|  20|0x00000000c1400000, 0x00000000c1500000, 0x00000000c1500000|100%| O|  |TAMS 0x00000000c1500000, 0x00000000c1500000| Untracked 
|  21|0x00000000c1500000, 0x00000000c1600000, 0x00000000c1600000|100%| O|  |TAMS 0x00000000c1600000, 0x00000000c1600000| Untracked 
|  22|0x00000000c1600000, 0x00000000c1700000, 0x00000000c1700000|100%| O|  |TAMS 0x00000000c1700000, 0x00000000c1700000| Untracked 
|  23|0x00000000c1700000, 0x00000000c1800000, 0x00000000c1800000|100%| O|  |TAMS 0x00000000c1800000, 0x00000000c1800000| Untracked 
|  24|0x00000000c1800000, 0x00000000c1900000, 0x00000000c1900000|100%| O|  |TAMS 0x00000000c1900000, 0x00000000c1900000| Untracked 
|  25|0x00000000c1900000, 0x00000000c1a00000, 0x00000000c1a00000|100%| O|  |TAMS 0x00000000c1a00000, 0x00000000c1a00000| Untracked 
|  26|0x00000000c1a00000, 0x00000000c1b00000, 0x00000000c1b00000|100%| O|  |TAMS 0x00000000c1b00000, 0x00000000c1b00000| Untracked 
|  27|0x00000000c1b00000, 0x00000000c1c00000, 0x00000000c1c00000|100%| O|  |TAMS 0x00000000c1c00000, 0x00000000c1c00000| Untracked 
|  28|0x00000000c1c00000, 0x00000000c1d00000, 0x00000000c1d00000|100%| O|  |TAMS 0x00000000c1d00000, 0x00000000c1d00000| Untracked 
|  29|0x00000000c1d00000, 0x00000000c1e00000, 0x00000000c1e00000|100%| O|  |TAMS 0x00000000c1e00000, 0x00000000c1e00000| Untracked 
|  30|0x00000000c1e00000, 0x00000000c1f00000, 0x00000000c1f00000|100%| O|  |TAMS 0x00000000c1f00000, 0x00000000c1f00000| Untracked 
|  31|0x00000000c1f00000, 0x00000000c2000000, 0x00000000c2000000|100%|HS|  |TAMS 0x00000000c2000000, 0x00000000c2000000| Complete 
|  32|0x00000000c2000000, 0x00000000c2100000, 0x00000000c2100000|100%| O|  |TAMS 0x00000000c2100000, 0x00000000c2100000| Untracked 
|  33|0x00000000c2100000, 0x00000000c2200000, 0x00000000c2200000|100%|HS|  |TAMS 0x00000000c2200000, 0x00000000c2200000| Complete 
|  34|0x00000000c2200000, 0x00000000c2300000, 0x00000000c2300000|100%| O|  |TAMS 0x00000000c2300000, 0x00000000c2300000| Untracked 
|  35|0x00000000c2300000, 0x00000000c2400000, 0x00000000c2400000|100%| O|  |TAMS 0x00000000c2400000, 0x00000000c2400000| Untracked 
|  36|0x00000000c2400000, 0x00000000c2500000, 0x00000000c2500000|100%|HS|  |TAMS 0x00000000c2500000, 0x00000000c2500000| Complete 
|  37|0x00000000c2500000, 0x00000000c2600000, 0x00000000c2600000|100%| O|  |TAMS 0x00000000c2600000, 0x00000000c2600000| Untracked 
|  38|0x00000000c2600000, 0x00000000c2700000, 0x00000000c2700000|100%|HS|  |TAMS 0x00000000c2700000, 0x00000000c2700000| Complete 
|  39|0x00000000c2700000, 0x00000000c2800000, 0x00000000c2800000|100%|HC|  |TAMS 0x00000000c2800000, 0x00000000c2800000| Complete 
|  40|0x00000000c2800000, 0x00000000c2900000, 0x00000000c2900000|100%|HC|  |TAMS 0x00000000c2900000, 0x00000000c2900000| Complete 
|  41|0x00000000c2900000, 0x00000000c2a00000, 0x00000000c2a00000|100%|HC|  |TAMS 0x00000000c2a00000, 0x00000000c2a00000| Complete 
|  42|0x00000000c2a00000, 0x00000000c2b00000, 0x00000000c2b00000|100%| O|  |TAMS 0x00000000c2b00000, 0x00000000c2b00000| Untracked 
|  43|0x00000000c2b00000, 0x00000000c2c00000, 0x00000000c2c00000|100%| O|  |TAMS 0x00000000c2c00000, 0x00000000c2c00000| Untracked 
|  44|0x00000000c2c00000, 0x00000000c2d00000, 0x00000000c2d00000|100%| O|  |TAMS 0x00000000c2d00000, 0x00000000c2d00000| Untracked 
|  45|0x00000000c2d00000, 0x00000000c2e00000, 0x00000000c2e00000|100%| O|  |TAMS 0x00000000c2e00000, 0x00000000c2e00000| Untracked 
|  46|0x00000000c2e00000, 0x00000000c2f00000, 0x00000000c2f00000|100%| O|  |TAMS 0x00000000c2f00000, 0x00000000c2f00000| Untracked 
|  47|0x00000000c2f00000, 0x00000000c3000000, 0x00000000c3000000|100%|HS|  |TAMS 0x00000000c3000000, 0x00000000c3000000| Complete 
|  48|0x00000000c3000000, 0x00000000c3100000, 0x00000000c3100000|100%|HC|  |TAMS 0x00000000c3100000, 0x00000000c3100000| Complete 
|  49|0x00000000c3100000, 0x00000000c3200000, 0x00000000c3200000|100%| O|  |TAMS 0x00000000c3200000, 0x00000000c3200000| Untracked 
|  50|0x00000000c3200000, 0x00000000c3300000, 0x00000000c3300000|100%| O|  |TAMS 0x00000000c3300000, 0x00000000c3300000| Untracked 
|  51|0x00000000c3300000, 0x00000000c3400000, 0x00000000c3400000|100%| O|  |TAMS 0x00000000c3400000, 0x00000000c3400000| Untracked 
|  52|0x00000000c3400000, 0x00000000c3500000, 0x00000000c3500000|100%| O|  |TAMS 0x00000000c3500000, 0x00000000c3500000| Untracked 
|  53|0x00000000c3500000, 0x00000000c3600000, 0x00000000c3600000|100%| O|  |TAMS 0x00000000c3600000, 0x00000000c3600000| Untracked 
|  54|0x00000000c3600000, 0x00000000c3700000, 0x00000000c3700000|100%| O|  |TAMS 0x00000000c3700000, 0x00000000c3700000| Untracked 
|  55|0x00000000c3700000, 0x00000000c3800000, 0x00000000c3800000|100%| O|  |TAMS 0x00000000c3800000, 0x00000000c3800000| Untracked 
|  56|0x00000000c3800000, 0x00000000c3900000, 0x00000000c3900000|100%| O|  |TAMS 0x00000000c3900000, 0x00000000c3900000| Untracked 
|  57|0x00000000c3900000, 0x00000000c3a00000, 0x00000000c3a00000|100%| O|  |TAMS 0x00000000c3a00000, 0x00000000c3a00000| Untracked 
|  58|0x00000000c3a00000, 0x00000000c3b00000, 0x00000000c3b00000|100%| O|  |TAMS 0x00000000c3aa9a00, 0x00000000c3b00000| Untracked 
|  59|0x00000000c3b00000, 0x00000000c3c00000, 0x00000000c3c00000|100%| O|  |TAMS 0x00000000c3c00000, 0x00000000c3c00000| Untracked 
|  60|0x00000000c3c00000, 0x00000000c3d00000, 0x00000000c3d00000|100%| O|  |TAMS 0x00000000c3d00000, 0x00000000c3d00000| Untracked 
|  61|0x00000000c3d00000, 0x00000000c3e00000, 0x00000000c3e00000|100%| O|  |TAMS 0x00000000c3e00000, 0x00000000c3e00000| Untracked 
|  62|0x00000000c3e00000, 0x00000000c3e71000, 0x00000000c3f00000| 44%| O|  |TAMS 0x00000000c3e00000, 0x00000000c3e24000| Untracked 
|  63|0x00000000c3f00000, 0x00000000c3f00000, 0x00000000c4000000|  0%| F|  |TAMS 0x00000000c3f00000, 0x00000000c3f00000| Untracked 
|  64|0x00000000c4000000, 0x00000000c4070a98, 0x00000000c4100000| 44%| S|CS|TAMS 0x00000000c4000000, 0x00000000c4000000| Complete 
|  65|0x00000000c4100000, 0x00000000c4100000, 0x00000000c4200000|  0%| F|  |TAMS 0x00000000c4100000, 0x00000000c4100000| Untracked 
|  66|0x00000000c4200000, 0x00000000c4200000, 0x00000000c4300000|  0%| F|  |TAMS 0x00000000c4200000, 0x00000000c4200000| Untracked 
|  67|0x00000000c4300000, 0x00000000c4300000, 0x00000000c4400000|  0%| F|  |TAMS 0x00000000c4300000, 0x00000000c4300000| Untracked 

Card table byte_map: [0x00000204e4df0000,0x00000204e4ff0000] _byte_map_base: 0x00000204e47f0000

Marking Bits (Prev, Next): (CMBitMap*) 0x00000204d1dcf668, (CMBitMap*) 0x00000204d1dcf6a0
 Prev Bits: [0x00000204e51f0000, 0x00000204e61f0000)
 Next Bits: [0x00000204e61f0000, 0x00000204e71f0000)

Polling page: 0x00000204d1580000

Metaspace:

Usage:
  Non-class:     60.14 MB capacity,    59.20 MB ( 98%) used,   785.41 KB (  1%) free+waste,   175.50 KB ( <1%) overhead. 
      Class:      9.07 MB capacity,     8.48 MB ( 93%) used,   527.05 KB (  6%) free+waste,    80.81 KB ( <1%) overhead. 
       Both:     69.21 MB capacity,    67.68 MB ( 98%) used,     1.28 MB (  2%) free+waste,   256.31 KB ( <1%) overhead. 

Virtual space:
  Non-class space:       62.00 MB reserved,      60.17 MB ( 97%) committed 
      Class space:        1.00 GB reserved,       9.16 MB ( <1%) committed 
             Both:        1.06 GB reserved,      69.33 MB (  6%) committed 

Chunk freelists:
   Non-Class:  35.00 KB
       Class:  25.00 KB
        Both:  60.00 KB

MaxMetaspaceSize: 17179869184.00 GB
CompressedClassSpaceSize: 1.00 GB
Initial GC threshold: 20.80 MB
Current GC threshold: 115.34 MB
CDS: off

CodeHeap 'non-profiled nmethods': size=120000Kb used=4411Kb max_used=4411Kb free=115588Kb
 bounds [0x00000204dd390000, 0x00000204dd7e0000, 0x00000204e48c0000]
CodeHeap 'profiled nmethods': size=120000Kb used=14979Kb max_used=14979Kb free=105020Kb
 bounds [0x00000204d5e60000, 0x00000204d6d10000, 0x00000204dd390000]
CodeHeap 'non-nmethods': size=5760Kb used=2345Kb max_used=2379Kb free=3415Kb
 bounds [0x00000204d58c0000, 0x00000204d5b30000, 0x00000204d5e60000]
 total_blobs=7980 nmethods=7119 adapters=772
 compilation: enabled
              stopped_count=0, restarted_count=0
 full_count=0

Compilation events (20 events):
Event: 297.184 Thread 0x00000204e9c4e800 nmethod 7137 0x00000204dd7db490 code [0x00000204dd7db6a0, 0x00000204dd7dc1a0]
Event: 297.184 Thread 0x00000204e9c4e800 7136       4       java.util.TreeMap$ValueIterator::next (8 bytes)
Event: 297.188 Thread 0x00000204e9c4e800 nmethod 7136 0x00000204dd7dc810 code [0x00000204dd7dc9a0, 0x00000204dd7dcc78]
Event: 297.188 Thread 0x00000204e9c4e800 7138       4       java.util.HashMap::<init> (11 bytes)
Event: 297.188 Thread 0x00000204e9c4e800 nmethod 7138 0x00000204dd7dce10 code [0x00000204dd7dcfa0, 0x00000204dd7dd018]
Event: 297.312 Thread 0x00000204e9c4e800 7144   !   4       org.codehaus.groovy.reflection.stdclasses.CachedSAMClass::hasUsableImplementation (72 bytes)
Event: 297.320 Thread 0x00000204e9c4e800 nmethod 7144 0x00000204dd7dd110 code [0x00000204dd7dd300, 0x00000204dd7dd7e8]
Event: 297.320 Thread 0x00000204e9c4e800 7145       4       groovy.lang.MetaClassImpl$1::methodNameAction (169 bytes)
Event: 297.328 Thread 0x00000204e9c5a800 7147       3       sun.reflect.generics.reflectiveObjects.TypeVariableImpl::toString (5 bytes)
Event: 297.328 Thread 0x00000204e9c5a800 nmethod 7147 0x00000204d6cff510 code [0x00000204d6cff6c0, 0x00000204d6cff7d8]
Event: 297.331 Thread 0x00000204e9c5a800 7149       3       java.util.AbstractMap::isEmpty (13 bytes)
Event: 297.332 Thread 0x00000204e9c5a800 nmethod 7149 0x00000204d6cff890 code [0x00000204d6cffa40, 0x00000204d6cffc48]
Event: 297.333 Thread 0x00000204e9c4e800 nmethod 7145 0x00000204dd7ddc10 code [0x00000204dd7dde00, 0x00000204dd7de4d8]
Event: 297.334 Thread 0x00000204e9c4e800 7148       4       java.util.Hashtable$Enumerator::hasMoreElements (53 bytes)
Event: 297.338 Thread 0x00000204e9c4e800 nmethod 7148 0x00000204dd7de910 code [0x00000204dd7deaa0, 0x00000204dd7decd8]
Event: 297.338 Thread 0x00000204e9c4e800 7146       4       java.beans.Introspector::addMethod (196 bytes)
Event: 297.338 Thread 0x00000204e9c5a800 7152       3       java.util.LinkedList$ListItr::set (28 bytes)
Event: 297.338 Thread 0x00000204e9c5a800 nmethod 7152 0x00000204d6cffd10 code [0x00000204d6cfff00, 0x00000204d6d002f8]
Event: 297.349 Thread 0x00000204e9c5a800 7154       2       java.lang.Class::getMethod (59 bytes)
Event: 297.350 Thread 0x00000204e9c5a800 nmethod 7154 0x00000204d6d00510 code [0x00000204d6d00760, 0x00000204d6d00ca8]

GC Heap History (20 events):
Event: 297.010 GC heap after
{Heap after GC invocations=161 (full 0):
 garbage-first heap   total 69632K, used 63410K [0x00000000c0000000, 0x0000000100000000)
  region size 1024K, 1 young (1024K), 1 survivors (1024K)
 Metaspace       used 69262K, capacity 70834K, committed 70992K, reserved 1112064K
  class space    used 8674K, capacity 9253K, committed 9376K, reserved 1048576K
}
Event: 297.028 GC heap before
{Heap before GC invocations=161 (full 0):
 garbage-first heap   total 69632K, used 65458K [0x00000000c0000000, 0x0000000100000000)
  region size 1024K, 3 young (3072K), 1 survivors (1024K)
 Metaspace       used 69262K, capacity 70834K, committed 70992K, reserved 1112064K
  class space    used 8674K, capacity 9253K, committed 9376K, reserved 1048576K
}
Event: 297.029 GC heap after
{Heap after GC invocations=162 (full 0):
 garbage-first heap   total 69632K, used 63351K [0x00000000c0000000, 0x0000000100000000)
  region size 1024K, 1 young (1024K), 1 survivors (1024K)
 Metaspace       used 69262K, capacity 70834K, committed 70992K, reserved 1112064K
  class space    used 8674K, capacity 9253K, committed 9376K, reserved 1048576K
}
Event: 297.052 GC heap before
{Heap before GC invocations=162 (full 0):
 garbage-first heap   total 69632K, used 65399K [0x00000000c0000000, 0x0000000100000000)
  region size 1024K, 3 young (3072K), 1 survivors (1024K)
 Metaspace       used 69262K, capacity 70834K, committed 70992K, reserved 1112064K
  class space    used 8674K, capacity 9253K, committed 9376K, reserved 1048576K
}
Event: 297.053 GC heap after
{Heap after GC invocations=163 (full 0):
 garbage-first heap   total 69632K, used 63356K [0x00000000c0000000, 0x0000000100000000)
  region size 1024K, 1 young (1024K), 1 survivors (1024K)
 Metaspace       used 69262K, capacity 70834K, committed 70992K, reserved 1112064K
  class space    used 8674K, capacity 9253K, committed 9376K, reserved 1048576K
}
Event: 297.065 GC heap before
{Heap before GC invocations=163 (full 0):
 garbage-first heap   total 69632K, used 65404K [0x00000000c0000000, 0x0000000100000000)
  region size 1024K, 3 young (3072K), 1 survivors (1024K)
 Metaspace       used 69266K, capacity 70834K, committed 70992K, reserved 1112064K
  class space    used 8674K, capacity 9253K, committed 9376K, reserved 1048576K
}
Event: 297.067 GC heap after
{Heap after GC invocations=164 (full 0):
 garbage-first heap   total 69632K, used 63421K [0x00000000c0000000, 0x0000000100000000)
  region size 1024K, 1 young (1024K), 1 survivors (1024K)
 Metaspace       used 69266K, capacity 70834K, committed 70992K, reserved 1112064K
  class space    used 8674K, capacity 9253K, committed 9376K, reserved 1048576K
}
Event: 297.081 GC heap before
{Heap before GC invocations=165 (full 0):
 garbage-first heap   total 69632K, used 65469K [0x00000000c0000000, 0x0000000100000000)
  region size 1024K, 3 young (3072K), 1 survivors (1024K)
 Metaspace       used 69271K, capacity 70834K, committed 70992K, reserved 1112064K
  class space    used 8674K, capacity 9253K, committed 9376K, reserved 1048576K
}
Event: 297.082 GC heap after
{Heap after GC invocations=166 (full 0):
 garbage-first heap   total 69632K, used 63635K [0x00000000c0000000, 0x0000000100000000)
  region size 1024K, 1 young (1024K), 1 survivors (1024K)
 Metaspace       used 69271K, capacity 70834K, committed 70992K, reserved 1112064K
  class space    used 8674K, capacity 9253K, committed 9376K, reserved 1048576K
}
Event: 297.173 GC heap before
{Heap before GC invocations=166 (full 0):
 garbage-first heap   total 69632K, used 65683K [0x00000000c0000000, 0x0000000100000000)
  region size 1024K, 3 young (3072K), 1 survivors (1024K)
 Metaspace       used 69273K, capacity 70834K, committed 70992K, reserved 1112064K
  class space    used 8674K, capacity 9253K, committed 9376K, reserved 1048576K
}
Event: 297.175 GC heap after
{Heap after GC invocations=167 (full 0):
 garbage-first heap   total 69632K, used 64016K [0x00000000c0000000, 0x0000000100000000)
  region size 1024K, 1 young (1024K), 1 survivors (1024K)
 Metaspace       used 69273K, capacity 70834K, committed 70992K, reserved 1112064K
  class space    used 8674K, capacity 9253K, committed 9376K, reserved 1048576K
}
Event: 297.314 GC heap before
{Heap before GC invocations=168 (full 0):
 garbage-first heap   total 69632K, used 66064K [0x00000000c0000000, 0x0000000100000000)
  region size 1024K, 3 young (3072K), 1 survivors (1024K)
 Metaspace       used 69297K, capacity 70868K, committed 70992K, reserved 1112064K
  class space    used 8679K, capacity 9287K, committed 9376K, reserved 1048576K
}
Event: 297.316 GC heap after
{Heap after GC invocations=169 (full 0):
 garbage-first heap   total 69632K, used 64158K [0x00000000c0000000, 0x0000000100000000)
  region size 1024K, 1 young (1024K), 1 survivors (1024K)
 Metaspace       used 69297K, capacity 70868K, committed 70992K, reserved 1112064K
  class space    used 8679K, capacity 9287K, committed 9376K, reserved 1048576K
}
Event: 297.323 GC heap before
{Heap before GC invocations=169 (full 0):
 garbage-first heap   total 69632K, used 66206K [0x00000000c0000000, 0x0000000100000000)
  region size 1024K, 3 young (3072K), 1 survivors (1024K)
 Metaspace       used 69297K, capacity 70868K, committed 70992K, reserved 1112064K
  class space    used 8679K, capacity 9287K, committed 9376K, reserved 1048576K
}
Event: 297.325 GC heap after
{Heap after GC invocations=170 (full 0):
 garbage-first heap   total 69632K, used 64185K [0x00000000c0000000, 0x0000000100000000)
  region size 1024K, 1 young (1024K), 1 survivors (1024K)
 Metaspace       used 69297K, capacity 70868K, committed 70992K, reserved 1112064K
  class space    used 8679K, capacity 9287K, committed 9376K, reserved 1048576K
}
Event: 297.345 GC heap before
{Heap before GC invocations=170 (full 0):
 garbage-first heap   total 69632K, used 66233K [0x00000000c0000000, 0x0000000100000000)
  region size 1024K, 3 young (3072K), 1 survivors (1024K)
 Metaspace       used 69299K, capacity 70868K, committed 70992K, reserved 1112064K
  class space    used 8679K, capacity 9287K, committed 9376K, reserved 1048576K
}
Event: 297.347 GC heap after
{Heap after GC invocations=171 (full 0):
 garbage-first heap   total 69632K, used 64433K [0x00000000c0000000, 0x0000000100000000)
  region size 1024K, 1 young (1024K), 1 survivors (1024K)
 Metaspace       used 69299K, capacity 70868K, committed 70992K, reserved 1112064K
  class space    used 8679K, capacity 9287K, committed 9376K, reserved 1048576K
}
Event: 297.359 GC heap before
{Heap before GC invocations=171 (full 0):
 garbage-first heap   total 69632K, used 66481K [0x00000000c0000000, 0x0000000100000000)
  region size 1024K, 3 young (3072K), 1 survivors (1024K)
 Metaspace       used 69299K, capacity 70868K, committed 70992K, reserved 1112064K
  class space    used 8679K, capacity 9287K, committed 9376K, reserved 1048576K
}
Event: 297.362 GC heap after
{Heap after GC invocations=172 (full 0):
 garbage-first heap   total 69632K, used 64450K [0x00000000c0000000, 0x0000000100000000)
  region size 1024K, 1 young (1024K), 1 survivors (1024K)
 Metaspace       used 69299K, capacity 70868K, committed 70992K, reserved 1112064K
  class space    used 8679K, capacity 9287K, committed 9376K, reserved 1048576K
}
Event: 297.371 GC heap before
{Heap before GC invocations=172 (full 0):
 garbage-first heap   total 69632K, used 66498K [0x00000000c0000000, 0x0000000100000000)
  region size 1024K, 3 young (3072K), 1 survivors (1024K)
 Metaspace       used 69299K, capacity 70868K, committed 70992K, reserved 1112064K
  class space    used 8679K, capacity 9287K, committed 9376K, reserved 1048576K
}

Deoptimization events (20 events):
Event: 264.415 Thread 0x00000204ea916000 Uncommon trap: trap_request=0xffffff4d fr.pc=0x00000204dd46a53c relative=0x00000000000008dc
Event: 264.415 Thread 0x00000204ea916000 Uncommon trap: reason=unstable_if action=reinterpret pc=0x00000204dd46a53c method=java.lang.Integer.stringSize(I)I @ 19 c2
Event: 264.415 Thread 0x00000204ea916000 DEOPT PACKING pc=0x00000204dd46a53c sp=0x000000516acf8f10
Event: 264.415 Thread 0x00000204ea916000 DEOPT UNPACKING pc=0x00000204d590a1af sp=0x000000516acf8e68 mode 2
Event: 270.039 Thread 0x00000204ea916000 Uncommon trap: trap_request=0xffffff4d fr.pc=0x00000204dd4b535c relative=0x00000000000050fc
Event: 270.039 Thread 0x00000204ea916000 Uncommon trap: reason=unstable_if action=reinterpret pc=0x00000204dd4b535c method=sun.net.www.protocol.jar.Handler.parseURL(Ljava/net/URL;Ljava/lang/String;II)V @ 116 c2
Event: 270.039 Thread 0x00000204ea916000 DEOPT PACKING pc=0x00000204dd4b535c sp=0x000000516acf7d00
Event: 270.039 Thread 0x00000204ea916000 DEOPT UNPACKING pc=0x00000204d590a1af sp=0x000000516acf7bf8 mode 2
Event: 296.951 Thread 0x00000204ea916000 Uncommon trap: trap_request=0xffffff4d fr.pc=0x00000204dd53b280 relative=0x0000000000000340
Event: 296.951 Thread 0x00000204ea916000 Uncommon trap: reason=unstable_if action=reinterpret pc=0x00000204dd53b280 method=java.util.StringJoiner.add(Ljava/lang/CharSequence;)Ljava/util/StringJoiner; @ 33 c2
Event: 296.951 Thread 0x00000204ea916000 DEOPT PACKING pc=0x00000204dd53b280 sp=0x000000516acf5640
Event: 296.951 Thread 0x00000204ea916000 DEOPT UNPACKING pc=0x00000204d590a1af sp=0x000000516acf55f0 mode 2
Event: 297.168 Thread 0x00000204ea916000 Uncommon trap: trap_request=0xfffffff4 fr.pc=0x00000204dd7da4a4 relative=0x0000000000000984
Event: 297.168 Thread 0x00000204ea916000 Uncommon trap: reason=null_check action=make_not_entrant pc=0x00000204dd7da4a4 method=com.sun.beans.introspect.MethodInfo$MethodOrder.compare(Ljava/lang/reflect/Method;Ljava/lang/reflect/Method;)I @ 133 c2
Event: 297.169 Thread 0x00000204ea916000 DEOPT PACKING pc=0x00000204dd7da4a4 sp=0x000000516acf3db0
Event: 297.169 Thread 0x00000204ea916000 DEOPT UNPACKING pc=0x00000204d590a1af sp=0x000000516acf3d50 mode 2
Event: 297.348 Thread 0x00000204ea916000 Uncommon trap: trap_request=0xfffffff4 fr.pc=0x00000204dd7d71ec relative=0x000000000000292c
Event: 297.348 Thread 0x00000204ea916000 Uncommon trap: reason=null_check action=make_not_entrant pc=0x00000204dd7d71ec method=java.lang.PublicMethods$MethodList.getMostSpecific()Ljava/lang/reflect/Method; @ 41 c2
Event: 297.348 Thread 0x00000204ea916000 DEOPT PACKING pc=0x00000204dd7d71ec sp=0x000000516acf3400
Event: 297.348 Thread 0x00000204ea916000 DEOPT UNPACKING pc=0x00000204d590a1af sp=0x000000516acf3300 mode 2

Classes redefined (0 events):
No events

Internal exceptions (20 events):
Event: 297.076 Thread 0x00000204ea916000 Exception <a 'java/lang/ClassNotFoundException'{0x00000000c4222b08}: com/android/build/gradle/internal/dsl/BaseFlavorBeanInfo> (0x00000000c4222b08) thrown at [./src/hotspot/share/classfile/systemDictionary.cpp, line 231]
Event: 297.077 Thread 0x00000204ea916000 Exception <a 'java/lang/ClassNotFoundException'{0x00000000c4241490}: com/android/builder/core/AbstractProductFlavorBeanInfo> (0x00000000c4241490) thrown at [./src/hotspot/share/classfile/systemDictionary.cpp, line 231]
Event: 297.077 Thread 0x00000204ea916000 Exception <a 'java/lang/ClassNotFoundException'{0x00000000c425faf8}: com/android/builder/internal/BaseConfigImplBeanInfo> (0x00000000c425faf8) thrown at [./src/hotspot/share/classfile/systemDictionary.cpp, line 231]
Event: 297.078 Thread 0x00000204ea916000 Exception <a 'java/lang/ClassNotFoundException'{0x00000000c427e1b0}: com/android/builder/internal/BaseConfigImplCustomizer> (0x00000000c427e1b0) thrown at [./src/hotspot/share/classfile/systemDictionary.cpp, line 231]
Event: 297.080 Thread 0x00000204ea916000 Exception <a 'java/lang/ClassNotFoundException'{0x00000000c42bc820}: com/android/builder/core/AbstractProductFlavorCustomizer> (0x00000000c42bc820) thrown at [./src/hotspot/share/classfile/systemDictionary.cpp, line 231]
Event: 297.082 Thread 0x00000204ea916000 Exception <a 'java/lang/ClassNotFoundException'{0x00000000c43177a0}: com/android/build/gradle/internal/dsl/BaseFlavorCustomizer> (0x00000000c43177a0) thrown at [./src/hotspot/share/classfile/systemDictionary.cpp, line 231]
Event: 297.165 Thread 0x00000204ea916000 Exception <a 'java/lang/ClassNotFoundException'{0x00000000c4391ed0}: com/android/build/gradle/internal/dsl/DefaultConfigCustomizer> (0x00000000c4391ed0) thrown at [./src/hotspot/share/classfile/systemDictionary.cpp, line 231]
Event: 297.166 Thread 0x00000204ea916000 Exception <a 'java/lang/ClassNotFoundException'{0x00000000c43cc398}: com/android/build/gradle/internal/dsl/DefaultConfig$AgpDecoratedCustomizer> (0x00000000c43cc398) thrown at [./src/hotspot/share/classfile/systemDictionary.cpp, line 231]
Event: 297.168 Thread 0x00000204ea916000 Exception <a 'java/lang/ClassNotFoundException'{0x00000000c42363f8}: com/android/build/gradle/internal/dsl/DefaultConfig$AgpDecorated_DecoratedCustomizer> (0x00000000c42363f8) thrown at [./src/hotspot/share/classfile/systemDictionary.cpp, line 231]
Event: 297.168 Thread 0x00000204ea916000 Implicit null exception at 0x00000204dd7d9e43 to 0x00000204dd7da490
Event: 297.309 Thread 0x00000204ea916000 Exception <a 'java/lang/ClassNotFoundException'{0x00000000c439a788}: org/gradle/api/internal/NamedDomainObjectContainerConfigureDelegateBeanInfo> (0x00000000c439a788) thrown at [./src/hotspot/share/classfile/systemDictionary.cpp, line 231]
Event: 297.310 Thread 0x00000204ea916000 Exception <a 'java/lang/ClassNotFoundException'{0x00000000c43d9a40}: org/gradle/api/internal/NamedDomainObjectContainerConfigureDelegateCustomizer> (0x00000000c43d9a40) thrown at [./src/hotspot/share/classfile/systemDictionary.cpp, line 231]
Event: 297.320 Thread 0x00000204ea916000 Exception <a 'java/lang/ClassNotFoundException'{0x00000000c4259eb8}: org/gradle/api/internal/FactoryNamedDomainObjectContainer_DecoratedBeanInfo> (0x00000000c4259eb8) thrown at [./src/hotspot/share/classfile/systemDictionary.cpp, line 231]
Event: 297.321 Thread 0x00000204ea916000 Exception <a 'java/lang/ClassNotFoundException'{0x00000000c4295be8}: org/gradle/api/internal/FactoryNamedDomainObjectContainerBeanInfo> (0x00000000c4295be8) thrown at [./src/hotspot/share/classfile/systemDictionary.cpp, line 231]
Event: 297.322 Thread 0x00000204ea916000 Exception <a 'java/lang/ClassNotFoundException'{0x00000000c42d2d20}: org/gradle/api/internal/AbstractNamedDomainObjectContainerBeanInfo> (0x00000000c42d2d20) thrown at [./src/hotspot/share/classfile/systemDictionary.cpp, line 231]
Event: 297.325 Thread 0x00000204ea916000 Exception <a 'java/lang/ClassNotFoundException'{0x00000000c430e798}: org/gradle/api/internal/DefaultNamedDomainObjectSetBeanInfo> (0x00000000c430e798) thrown at [./src/hotspot/share/classfile/systemDictionary.cpp, line 231]
Event: 297.327 Thread 0x00000204ea916000 Exception <a 'java/lang/ClassNotFoundException'{0x00000000c434a848}: org/gradle/api/internal/DefaultNamedDomainObjectSetCustomizer> (0x00000000c434a848) thrown at [./src/hotspot/share/classfile/systemDictionary.cpp, line 231]
Event: 297.330 Thread 0x00000204ea916000 Exception <a 'java/lang/ClassNotFoundException'{0x00000000c439d730}: org/gradle/api/internal/AbstractNamedDomainObjectContainerCustomizer> (0x00000000c439d730) thrown at [./src/hotspot/share/classfile/systemDictionary.cpp, line 231]
Event: 297.333 Thread 0x00000204ea916000 Exception <a 'java/lang/ClassNotFoundException'{0x00000000c43eef70}: org/gradle/api/internal/FactoryNamedDomainObjectContainerCustomizer> (0x00000000c43eef70) thrown at [./src/hotspot/share/classfile/systemDictionary.cpp, line 231]
Event: 297.336 Thread 0x00000204ea916000 Exception <a 'java/lang/ClassNotFoundException'{0x00000000c4239528}: org/gradle/api/internal/FactoryNamedDomainObjectContainer_DecoratedCustomizer> (0x00000000c4239528) thrown at [./src/hotspot/share/classfile/systemDictionary.cpp, line 231]

Events (20 events):
Event: 297.332 loading class org/gradle/api/internal/FactoryNamedDomainObjectContainerCustomizer done
Event: 297.332 loading class org/gradle/api/internal/FactoryNamedDomainObjectContainerCustomizer
Event: 297.332 loading class org/gradle/api/internal/FactoryNamedDomainObjectContainerCustomizer done
Event: 297.333 loading class org/gradle/api/internal/FactoryNamedDomainObjectContainerCustomizer
Event: 297.333 loading class org/gradle/api/internal/FactoryNamedDomainObjectContainerCustomizer done
Event: 297.334 loading class org/gradle/api/internal/FactoryNamedDomainObjectContainer_DecoratedCustomizer
Event: 297.334 loading class org/gradle/api/internal/FactoryNamedDomainObjectContainer_DecoratedCustomizer done
Event: 297.334 loading class org/gradle/api/internal/FactoryNamedDomainObjectContainer_DecoratedCustomizer
Event: 297.334 loading class org/gradle/api/internal/FactoryNamedDomainObjectContainer_DecoratedCustomizer done
Event: 297.334 loading class org/gradle/api/internal/FactoryNamedDomainObjectContainer_DecoratedCustomizer
Event: 297.334 loading class org/gradle/api/internal/FactoryNamedDomainObjectContainer_DecoratedCustomizer done
Event: 297.336 loading class org/gradle/api/internal/FactoryNamedDomainObjectContainer_DecoratedCustomizer
Event: 297.336 loading class org/gradle/api/internal/FactoryNamedDomainObjectContainer_DecoratedCustomizer done
Event: 297.340 loading class groovy/runtime/metaclass/com/android/build/gradle/internal/dsl/BuildType$AgpDecorated_DecoratedMetaClass
Event: 297.340 loading class groovy/runtime/metaclass/com/android/build/gradle/internal/dsl/BuildType$AgpDecorated_DecoratedMetaClass done
Event: 297.345 Executing VM operation: G1CollectForAllocation
Event: 297.347 Executing VM operation: G1CollectForAllocation done
Event: 297.359 Executing VM operation: G1CollectForAllocation
Event: 297.362 Executing VM operation: G1CollectForAllocation done
Event: 297.371 Executing VM operation: G1CollectForAllocation


Dynamic libraries:
0x00007ff6e0600000 - 0x00007ff6e060a000 	C:\Program Files\Android\Android Studio\jre\bin\java.exe
0x00007ffaebb80000 - 0x00007ffaebd89000 	C:\WINDOWS\SYSTEM32\ntdll.dll
0x00007ffaeabc0000 - 0x00007ffaeac7d000 	C:\WINDOWS\System32\KERNEL32.DLL
0x00007ffae9310000 - 0x00007ffae968c000 	C:\WINDOWS\System32\KERNELBASE.dll
0x00007ffae9180000 - 0x00007ffae9291000 	C:\WINDOWS\System32\ucrtbase.dll
0x00007ffae4450000 - 0x00007ffae4467000 	C:\Program Files\Android\Android Studio\jre\bin\VCRUNTIME140.dll
0x00007ffadc510000 - 0x00007ffadc529000 	C:\Program Files\Android\Android Studio\jre\bin\jli.dll
0x00007ffae9fa0000 - 0x00007ffaea14d000 	C:\WINDOWS\System32\USER32.dll
0x00007ffae98a0000 - 0x00007ffae98c6000 	C:\WINDOWS\System32\win32u.dll
0x00007ffaeb100000 - 0x00007ffaeb129000 	C:\WINDOWS\System32\GDI32.dll
0x00007ffae9060000 - 0x00007ffae9179000 	C:\WINDOWS\System32\gdi32full.dll
0x00007ffae9800000 - 0x00007ffae989d000 	C:\WINDOWS\System32\msvcp_win.dll
0x00007ffad5e20000 - 0x00007ffad60c5000 	C:\WINDOWS\WinSxS\amd64_microsoft.windows.common-controls_6595b64144ccf1df_6.0.22000.120_none_9d947278b86cc467\COMCTL32.dll
0x00007ffaeaad0000 - 0x00007ffaeab73000 	C:\WINDOWS\System32\msvcrt.dll
0x00007ffaeab80000 - 0x00007ffaeabb1000 	C:\WINDOWS\System32\IMM32.DLL
0x00007ffab66a0000 - 0x00007ffab673d000 	C:\Program Files\Android\Android Studio\jre\bin\msvcp140.dll
0x00007ffaafee0000 - 0x00007ffab09e2000 	C:\Program Files\Android\Android Studio\jre\bin\server\jvm.dll
0x00007ffae9bc0000 - 0x00007ffae9c6e000 	C:\WINDOWS\System32\ADVAPI32.dll
0x00007ffaeaa30000 - 0x00007ffaeaace000 	C:\WINDOWS\System32\sechost.dll
0x00007ffaeb6a0000 - 0x00007ffaeb7c0000 	C:\WINDOWS\System32\RPCRT4.dll
0x00007ffae1da0000 - 0x00007ffae1dd3000 	C:\WINDOWS\SYSTEM32\WINMM.dll
0x00007ffada790000 - 0x00007ffada799000 	C:\WINDOWS\SYSTEM32\WSOCK32.dll
0x00007ffae9dd0000 - 0x00007ffae9e3f000 	C:\WINDOWS\System32\WS2_32.dll
0x00007ffae9d60000 - 0x00007ffae9d68000 	C:\WINDOWS\System32\PSAPI.DLL
0x00007ffae5f80000 - 0x00007ffae5f8a000 	C:\WINDOWS\SYSTEM32\VERSION.dll
0x00007ffae8240000 - 0x00007ffae8258000 	C:\WINDOWS\SYSTEM32\kernel.appcore.dll
0x00007ffae4300000 - 0x00007ffae4311000 	C:\Program Files\Android\Android Studio\jre\bin\verify.dll
0x00007ffae6d30000 - 0x00007ffae6f51000 	C:\WINDOWS\SYSTEM32\DBGHELP.DLL
0x00007ffadbef0000 - 0x00007ffadbf21000 	C:\WINDOWS\SYSTEM32\dbgcore.DLL
0x00007ffae98d0000 - 0x00007ffae994f000 	C:\WINDOWS\System32\bcryptPrimitives.dll
0x00007ffadac00000 - 0x00007ffadac29000 	C:\Program Files\Android\Android Studio\jre\bin\java.dll
0x00007ffae16f0000 - 0x00007ffae16fb000 	C:\Program Files\Android\Android Studio\jre\bin\jimage.dll
0x00007ffae04e0000 - 0x00007ffae04f8000 	C:\Program Files\Android\Android Studio\jre\bin\zip.dll
0x00007ffaea150000 - 0x00007ffaea908000 	C:\WINDOWS\System32\SHELL32.dll
0x00007ffae71d0000 - 0x00007ffae7a38000 	C:\WINDOWS\SYSTEM32\windows.storage.dll
0x00007ffaeb7c0000 - 0x00007ffaebb39000 	C:\WINDOWS\System32\combase.dll
0x00007ffae7060000 - 0x00007ffae71c6000 	C:\WINDOWS\SYSTEM32\wintypes.dll
0x00007ffae9c70000 - 0x00007ffae9d5a000 	C:\WINDOWS\System32\SHCORE.dll
0x00007ffaeb130000 - 0x00007ffaeb18d000 	C:\WINDOWS\System32\shlwapi.dll
0x00007ffae8f90000 - 0x00007ffae8fb1000 	C:\WINDOWS\SYSTEM32\profapi.dll
0x00007ffadebc0000 - 0x00007ffadebda000 	C:\Program Files\Android\Android Studio\jre\bin\net.dll
0x00007ffae1bd0000 - 0x00007ffae1cdc000 	C:\WINDOWS\SYSTEM32\WINHTTP.dll
0x00007ffae8670000 - 0x00007ffae86d7000 	C:\WINDOWS\system32\mswsock.dll
0x00007ffadb1d0000 - 0x00007ffadb1e4000 	C:\Program Files\Android\Android Studio\jre\bin\nio.dll
0x00007ffae4470000 - 0x00007ffae4497000 	C:\Users\user\.gradle\native\e1d6ef7f7dcc3fd88c89a11ec53ec762bb8ba0a96d01ffa2cd45eb1d1d8dd5c5\windows-amd64\native-platform.dll
0x00007ffab5470000 - 0x00007ffab55b4000 	C:\Users\user\.gradle\native\0d407fdbe67a94daf76414ababcb853783967236a71b16ec16e742cd7a986fd3\windows-amd64\native-platform-file-events.dll
0x00007ffadabf0000 - 0x00007ffadabfa000 	C:\Program Files\Android\Android Studio\jre\bin\management.dll
0x00007ffadabe0000 - 0x00007ffadabed000 	C:\Program Files\Android\Android Studio\jre\bin\management_ext.dll
0x00007ffae88b0000 - 0x00007ffae88c8000 	C:\WINDOWS\SYSTEM32\CRYPTSP.dll
0x00007ffae81a0000 - 0x00007ffae81d5000 	C:\WINDOWS\system32\rsaenh.dll
0x00007ffae8760000 - 0x00007ffae8789000 	C:\WINDOWS\SYSTEM32\USERENV.dll
0x00007ffae8a40000 - 0x00007ffae8a67000 	C:\WINDOWS\SYSTEM32\bcrypt.dll
0x00007ffae88d0000 - 0x00007ffae88dc000 	C:\WINDOWS\SYSTEM32\CRYPTBASE.dll
0x00007ffae7cf0000 - 0x00007ffae7d1d000 	C:\WINDOWS\SYSTEM32\IPHLPAPI.DLL
0x00007ffaeac80000 - 0x00007ffaeac89000 	C:\WINDOWS\System32\NSI.dll
0x00007ffae21d0000 - 0x00007ffae21e9000 	C:\WINDOWS\SYSTEM32\dhcpcsvc6.DLL
0x00007ffae2250000 - 0x00007ffae226e000 	C:\WINDOWS\SYSTEM32\dhcpcsvc.DLL
0x00007ffae7d20000 - 0x00007ffae7e08000 	C:\WINDOWS\SYSTEM32\DNSAPI.dll

dbghelp: loaded successfully - version: 4.0.5 - missing functions: none
symbol engine: initialized successfully - sym options: 0x614 - pdb path: .;C:\Program Files\Android\Android Studio\jre\bin;C:\WINDOWS\SYSTEM32;C:\WINDOWS\WinSxS\amd64_microsoft.windows.common-controls_6595b64144ccf1df_6.0.22000.120_none_9d947278b86cc467;C:\Program Files\Android\Android Studio\jre\bin\server;C:\Users\user\.gradle\native\e1d6ef7f7dcc3fd88c89a11ec53ec762bb8ba0a96d01ffa2cd45eb1d1d8dd5c5\windows-amd64;C:\Users\user\.gradle\native\0d407fdbe67a94daf76414ababcb853783967236a71b16ec16e742cd7a986fd3\windows-amd64

VM Arguments:
jvm_args: --add-opens=java.base/java.util=ALL-UNNAMED --add-opens=java.base/java.lang=ALL-UNNAMED --add-opens=java.base/java.lang.invoke=ALL-UNNAMED --add-opens=java.base/java.util=ALL-UNNAMED --add-opens=java.prefs/java.util.prefs=ALL-UNNAMED --add-opens=java.prefs/java.util.prefs=ALL-UNNAMED --add-opens=java.base/java.nio.charset=ALL-UNNAMED --add-opens=java.base/java.net=ALL-UNNAMED --add-opens=java.base/java.util.concurrent.atomic=ALL-UNNAMED -Xmx1024m -Dfile.encoding=UTF-8 -Duser.country=ID -Duser.language=en -Duser.variant 
java_command: org.gradle.launcher.daemon.bootstrap.GradleDaemon 7.4
java_class_path (initial): C:\Users\user\.gradle\wrapper\dists\gradle-7.4-bin\c0gwcg53nkjbqw7r0h0umtfvt\gradle-7.4\lib\gradle-launcher-7.4.jar
Launcher Type: SUN_STANDARD

[Global flags]
     intx CICompilerCount                          = 4                                         {product} {ergonomic}
     uint ConcGCThreads                            = 2                                         {product} {ergonomic}
     uint G1ConcRefinementThreads                  = 8                                         {product} {ergonomic}
   size_t G1HeapRegionSize                         = 1048576                                   {product} {ergonomic}
    uintx GCDrainStackTargetSize                   = 64                                        {product} {ergonomic}
   size_t InitialHeapSize                          = 67108864                                  {product} {ergonomic}
   size_t MarkStackSize                            = 4194304                                   {product} {ergonomic}
   size_t MaxHeapSize                              = 1073741824                                {product} {command line}
   size_t MaxNewSize                               = 643825664                                 {product} {ergonomic}
   size_t MinHeapDeltaBytes                        = 1048576                                   {product} {ergonomic}
    uintx NonNMethodCodeHeapSize                   = 5836300                                {pd product} {ergonomic}
    uintx NonProfiledCodeHeapSize                  = 122910970                              {pd product} {ergonomic}
    uintx ProfiledCodeHeapSize                     = 122910970                              {pd product} {ergonomic}
    uintx ReservedCodeCacheSize                    = 251658240                              {pd product} {ergonomic}
     bool SegmentedCodeCache                       = true                                      {product} {ergonomic}
     bool UseCompressedClassPointers               = true                                 {lp64_product} {ergonomic}
     bool UseCompressedOops                        = true                                 {lp64_product} {ergonomic}
     bool UseG1GC                                  = true                                      {product} {ergonomic}
     bool UseLargePagesIndividualAllocation        = false                                  {pd product} {ergonomic}

Logging:
Log output configuration:
 #0: stdout all=warning uptime,level,tags
 #1: stderr all=off uptime,level,tags

Environment Variables:
PATH=C:\Program Files\Common Files\Oracle\Java\javapath;C:\Python310\Scripts\;C:\Python310\;C:\Program Files (x86)\Intel\iCLS Client\;C:\Program Files\Intel\iCLS Client\;C:\WINDOWS\system32;C:\WINDOWS;C:\WINDOWS\System32\Wbem;C:\WINDOWS\System32\WindowsPowerShell\v1.0\;C:\Program Files (x86)\Intel\Intel(R) Management Engine Components\DAL;C:\Program Files\Intel\Intel(R) Management Engine Components\DAL;C:\Program Files (x86)\Intel\Intel(R) Management Engine Components\IPT;C:\Program Files\Intel\Intel(R) Management Engine Components\IPT;C:\WINDOWS\System32\OpenSSH\;C:\ProgramData\chocolatey\bin;C:\Program Files\nodejs\;C:\Users\user\AppData\Local\Microsoft\WindowsApps;C:\Users\user\AppData\Local\Programs\Microsoft VS Code\bin;C:\Users\user\AppData\Roaming\npm;C:\Users\user\AppData\Local\GitHubDesktop\bin
USERNAME=user
OS=Windows_NT
PROCESSOR_IDENTIFIER=Intel64 Family 6 Model 142 Stepping 10, GenuineIntel



---------------  S Y S T E M  ---------------

OS: Windows 11 , 64 bit Build 22000 (10.0.22000.708)
OS uptime: 0 days 2:38 hours

CPU:total 8 (initial active 8) (4 cores per cpu, 2 threads per core) family 6 model 142 stepping 10 microcode 0xe0, cmov, cx8, fxsr, mmx, sse, sse2, sse3, ssse3, sse4.1, sse4.2, popcnt, avx, avx2, aes, clmul, erms, 3dnowpref, lzcnt, ht, tsc, tscinvbit, bmi1, bmi2, adx, fma

Memory: 4k page, system-wide physical 3982M (253M free)
TotalPageFile size 8078M (AvailPageFile size 10M)
current process WorkingSet (physical memory assigned to process): 206M, peak: 215M
current process commit charge ("private bytes"): 290M, peak: 329M

vm_info: OpenJDK 64-Bit Server VM (11.0.13+0-b1751.21-8125866) for windows-amd64 JRE (11.0.13+0-b1751.21-8125866), built on Feb  2 2022 03:00:22 by "builder" with MS VC++ 14.0 (VS2015)

END.
